[2022-06-05 11:22:05,365][src.utils][INFO] - Disabling python warnings! <config.ignore_warnings=True>
[2022-06-05 11:22:05,366][src.utils][INFO] - Printing config tree with Rich! <config.print_config=True>
[2022-06-05 11:22:05,366][src.utils][INFO] - Field 'logger' not found in config
[2022-06-05 11:22:05,404][src.training_pipeline][INFO] - Instantiating datamodule <src.datamodules.bert_parscit_datamodule.BERTParsCitDataModule>
[2022-06-05 11:22:05,405][src.training_pipeline][INFO] - Instantiating model <src.models.bert_parscit_module.BertParsCitLitModule>
[2022-06-05 11:22:14,428][torch.distributed.nn.jit.instantiator][INFO] - Created a temporary directory at /tmp/tmp75z53otm
[2022-06-05 11:22:14,429][torch.distributed.nn.jit.instantiator][INFO] - Writing /tmp/tmp75z53otm/_remote_module_non_sriptable.py
[2022-06-05 11:22:14,522][src.training_pipeline][INFO] - Instantiating callback <pytorch_lightning.callbacks.ModelCheckpoint>
[2022-06-05 11:22:14,524][src.training_pipeline][INFO] - Instantiating callback <pytorch_lightning.callbacks.EarlyStopping>
[2022-06-05 11:22:14,525][src.training_pipeline][INFO] - Instantiating callback <pytorch_lightning.callbacks.RichModelSummary>
[2022-06-05 11:22:14,526][src.training_pipeline][INFO] - Instantiating callback <pytorch_lightning.callbacks.RichProgressBar>
[2022-06-05 11:22:14,527][src.training_pipeline][INFO] - Instantiating trainer <pytorch_lightning.Trainer>
[2022-06-05 11:22:14,531][pytorch_lightning.utilities.rank_zero][INFO] - Trainer already configured with model summary callbacks: [<class 'pytorch_lightning.callbacks.rich_model_summary.RichModelSummary'>]. Skipping setting a default `ModelSummary` callback.
[2022-06-05 11:22:14,664][pytorch_lightning.utilities.rank_zero][INFO] - GPU available: True, used: False
[2022-06-05 11:22:14,665][pytorch_lightning.utilities.rank_zero][INFO] - TPU available: False, using: 0 TPU cores
[2022-06-05 11:22:14,665][pytorch_lightning.utilities.rank_zero][INFO] - IPU available: False, using: 0 IPUs
[2022-06-05 11:22:14,665][pytorch_lightning.utilities.rank_zero][INFO] - HPU available: False, using: 0 HPUs
[2022-06-05 11:22:14,665][src.training_pipeline][INFO] - Logging hyperparameters!
[2022-06-05 11:22:14,665][src.training_pipeline][INFO] - Starting training!
[2022-06-05 11:22:19,880][datasets.builder][WARNING] - Using custom data configuration myvision--yuanchuan-synthetic-dataset-final-ace42472a99a901b
[2022-06-05 12:24:33,995][datasets.builder][WARNING] - Using custom data configuration myvision--yuanchuan-synthetic-dataset-final-ace42472a99a901b
[2022-06-05 12:24:33,998][datasets.builder][WARNING] - Reusing dataset parquet (/data3/jiahe/synthetic-final/myvision___parquet/myvision--yuanchuan-synthetic-dataset-final-ace42472a99a901b/0.0.0/0b6d5799bb726b24ad7fc7be720c170d8e497f575d02d47537de9a5bac074901)
