[2022-06-05 12:26:34,904][src.utils][INFO] - Disabling python warnings! <config.ignore_warnings=True>
[2022-06-05 12:26:34,905][src.utils][INFO] - Printing config tree with Rich! <config.print_config=True>
[2022-06-05 12:26:34,905][src.utils][INFO] - Field 'logger' not found in config
[2022-06-05 12:26:34,943][src.training_pipeline][INFO] - Instantiating datamodule <src.datamodules.bert_parscit_datamodule.BERTParsCitDataModule>
[2022-06-05 12:26:34,947][src.training_pipeline][INFO] - Instantiating model <src.models.bert_parscit_module.BertParsCitLitModule>
[2022-06-05 12:26:44,888][torch.distributed.nn.jit.instantiator][INFO] - Created a temporary directory at /tmp/tmp5fixyno8
[2022-06-05 12:26:44,888][torch.distributed.nn.jit.instantiator][INFO] - Writing /tmp/tmp5fixyno8/_remote_module_non_sriptable.py
[2022-06-05 12:26:44,987][src.training_pipeline][INFO] - Instantiating callback <pytorch_lightning.callbacks.ModelCheckpoint>
[2022-06-05 12:26:44,988][src.training_pipeline][INFO] - Instantiating callback <pytorch_lightning.callbacks.EarlyStopping>
[2022-06-05 12:26:44,989][src.training_pipeline][INFO] - Instantiating callback <pytorch_lightning.callbacks.RichModelSummary>
[2022-06-05 12:26:44,990][src.training_pipeline][INFO] - Instantiating callback <pytorch_lightning.callbacks.RichProgressBar>
[2022-06-05 12:26:44,991][src.training_pipeline][INFO] - Instantiating trainer <pytorch_lightning.Trainer>
[2022-06-05 12:26:44,995][pytorch_lightning.utilities.rank_zero][INFO] - Trainer already configured with model summary callbacks: [<class 'pytorch_lightning.callbacks.rich_model_summary.RichModelSummary'>]. Skipping setting a default `ModelSummary` callback.
[2022-06-05 12:26:45,129][pytorch_lightning.utilities.rank_zero][INFO] - GPU available: True, used: False
[2022-06-05 12:26:45,129][pytorch_lightning.utilities.rank_zero][INFO] - TPU available: False, using: 0 TPU cores
[2022-06-05 12:26:45,129][pytorch_lightning.utilities.rank_zero][INFO] - IPU available: False, using: 0 IPUs
[2022-06-05 12:26:45,129][pytorch_lightning.utilities.rank_zero][INFO] - HPU available: False, using: 0 HPUs
[2022-06-05 12:26:45,130][src.training_pipeline][INFO] - Logging hyperparameters!
[2022-06-05 12:26:45,130][src.training_pipeline][INFO] - Starting training!
[2022-06-05 12:26:50,288][datasets.builder][WARNING] - Using custom data configuration myvision--yuanchuan-synthetic-dataset-final-ace42472a99a901b
[2022-06-05 12:26:50,290][datasets.builder][WARNING] - Reusing dataset parquet (/data3/jiahe/synthetic-final/myvision___parquet/myvision--yuanchuan-synthetic-dataset-final-ace42472a99a901b/0.0.0/0b6d5799bb726b24ad7fc7be720c170d8e497f575d02d47537de9a5bac074901)
[2022-06-05 12:27:03,503][datasets.builder][WARNING] - Using custom data configuration myvision--yuanchuan-synthetic-dataset-final-ace42472a99a901b
[2022-06-05 12:27:03,505][datasets.builder][WARNING] - Reusing dataset parquet (/data3/jiahe/synthetic-final/myvision___parquet/myvision--yuanchuan-synthetic-dataset-final-ace42472a99a901b/0.0.0/0b6d5799bb726b24ad7fc7be720c170d8e497f575d02d47537de9a5bac074901)
[2022-06-05 12:27:03,510][datasets.arrow_dataset][WARNING] - Loading cached shuffled indices for dataset at /data3/jiahe/synthetic-final/myvision___parquet/myvision--yuanchuan-synthetic-dataset-final-ace42472a99a901b/0.0.0/0b6d5799bb726b24ad7fc7be720c170d8e497f575d02d47537de9a5bac074901/cache-aa439c18524a4950.arrow
