CONFIG
├── datamodule
│   └── _target_: src.datamodules.mnist_datamodule.MNISTDataModule                                                                                         
│       data_dir: /home/jiahe/BERT-ParsCit/data/                                                                                                           
│       batch_size: 8                                                                                                                                      
│       train_val_test_split:                                                                                                                              
│       - 55000                                                                                                                                            
│       - 5000                                                                                                                                             
│       - 10000                                                                                                                                            
│       num_workers: 0                                                                                                                                     
│       pin_memory: false                                                                                                                                  
│                                                                                                                                                          
├── model
│   └── _target_: src.models.bert_parscit_module.BertParsCitLitModule                                                                                      
│       lr: 2.0e-05                                                                                                                                        
│       model:                                                                                                                                             
│         _target_: src.models.components.bert_token_classifier.BertTokenClassifier                                                                        
│         model_checkpoint: allenai/scibert_scivocab_uncased                                                                                               
│         cache_dir: /data3/jiahe/parscit/                                                                                                                 
│       net:                                                                                                                                               
│         model_checkpoint: allenai/scibert_scivocab_uncased                                                                                               
│         cache_dir: /data3/jiahe                                                                                                                          
│                                                                                                                                                          
├── callbacks
│   └── model_checkpoint:                                                                                                                                  
│         _target_: pytorch_lightning.callbacks.ModelCheckpoint                                                                                            
│         monitor: val/acc                                                                                                                                 
│         mode: max                                                                                                                                        
│         save_top_k: 1                                                                                                                                    
│         save_last: true                                                                                                                                  
│         verbose: false                                                                                                                                   
│         dirpath: checkpoints/                                                                                                                            
│         filename: epoch_{epoch:03d}                                                                                                                      
│         auto_insert_metric_name: false                                                                                                                   
│       early_stopping:                                                                                                                                    
│         _target_: pytorch_lightning.callbacks.EarlyStopping                                                                                              
│         monitor: val/acc                                                                                                                                 
│         mode: max                                                                                                                                        
│         patience: 100                                                                                                                                    
│         min_delta: 0                                                                                                                                     
│       model_summary:                                                                                                                                     
│         _target_: pytorch_lightning.callbacks.RichModelSummary                                                                                           
│         max_depth: -1                                                                                                                                    
│       rich_progress_bar:                                                                                                                                 
│         _target_: pytorch_lightning.callbacks.RichProgressBar                                                                                            
│                                                                                                                                                          
├── logger
│   └── wandb:                                                                                                                                             
│         tags:                                                                                                                                            
│         - bert_parscit                                                                                                                                   
│         - bert_token_classifier                                                                                                                          
│                                                                                                                                                          
├── trainer
│   └── _target_: pytorch_lightning.Trainer                                                                                                                
│       min_epochs: 5                                                                                                                                      
│       max_epochs: 10                                                                                                                                     
│       resume_from_checkpoint: null                                                                                                                       
│       gradient_clip_val: 0.5                                                                                                                             
│                                                                                                                                                          
├── original_work_dir
│   └── /home/jiahe/BERT-ParsCit                                                                                                                           
├── data_dir
│   └── /home/jiahe/BERT-ParsCit/data/                                                                                                                     
├── print_config
│   └── True                                                                                                                                               
├── ignore_warnings
│   └── True                                                                                                                                               
├── train
│   └── True                                                                                                                                               
├── test
│   └── True                                                                                                                                               
├── seed
│   └── 777                                                                                                                                                
├── name
│   └── bert_token_classifier                                                                                                                              
└── cache_dir
    └── /data3/jiahe/synthetic                                                                                                                             
