[2022-06-05 10:43:40,110][src.utils][INFO] - Disabling python warnings! <config.ignore_warnings=True>
[2022-06-05 10:43:40,111][src.training_pipeline][INFO] - Instantiating datamodule <src.datamodules.bert_parscit_datamodule.BertParsCitDataModule>
[2022-06-05 10:43:41,035][urllib3.connectionpool][DEBUG] - Starting new HTTPS connection (1): huggingface.co:443
[2022-06-05 10:43:42,257][urllib3.connectionpool][DEBUG] - https://huggingface.co:443 "HEAD /allenai/scibert_scivocab_uncased/resolve/main/tokenizer_config.json HTTP/1.1" 404 0
[2022-06-05 10:43:42,265][urllib3.connectionpool][DEBUG] - Starting new HTTPS connection (1): huggingface.co:443
[2022-06-05 10:43:43,388][urllib3.connectionpool][DEBUG] - https://huggingface.co:443 "HEAD /allenai/scibert_scivocab_uncased/resolve/main/config.json HTTP/1.1" 200 0
[2022-06-05 10:43:43,392][filelock][DEBUG] - Attempting to acquire lock 140398642585312 on ./cache/tokenizers/858852fd2471ce39075378592ddc87f5a6551e64c6825d1b92c8dab9318e0fc3.03ff9e9f998b9a9d40647a2148a202e3fb3d568dc0f170dda9dda194bab4d5dd.lock
[2022-06-05 10:43:43,393][filelock][DEBUG] - Lock 140398642585312 acquired on ./cache/tokenizers/858852fd2471ce39075378592ddc87f5a6551e64c6825d1b92c8dab9318e0fc3.03ff9e9f998b9a9d40647a2148a202e3fb3d568dc0f170dda9dda194bab4d5dd.lock
[2022-06-05 10:43:43,396][urllib3.connectionpool][DEBUG] - Starting new HTTPS connection (1): huggingface.co:443
[2022-06-05 10:43:44,954][urllib3.connectionpool][DEBUG] - https://huggingface.co:443 "GET /allenai/scibert_scivocab_uncased/resolve/main/config.json HTTP/1.1" 200 385
[2022-06-05 10:43:44,977][filelock][DEBUG] - Attempting to release lock 140398642585312 on ./cache/tokenizers/858852fd2471ce39075378592ddc87f5a6551e64c6825d1b92c8dab9318e0fc3.03ff9e9f998b9a9d40647a2148a202e3fb3d568dc0f170dda9dda194bab4d5dd.lock
[2022-06-05 10:43:44,977][filelock][DEBUG] - Lock 140398642585312 released on ./cache/tokenizers/858852fd2471ce39075378592ddc87f5a6551e64c6825d1b92c8dab9318e0fc3.03ff9e9f998b9a9d40647a2148a202e3fb3d568dc0f170dda9dda194bab4d5dd.lock
[2022-06-05 10:43:44,984][urllib3.connectionpool][DEBUG] - Starting new HTTPS connection (1): huggingface.co:443
[2022-06-05 10:43:46,554][urllib3.connectionpool][DEBUG] - https://huggingface.co:443 "HEAD /allenai/scibert_scivocab_uncased/resolve/main/tokenizer_config.json HTTP/1.1" 404 0
[2022-06-05 10:43:46,561][urllib3.connectionpool][DEBUG] - Starting new HTTPS connection (1): huggingface.co:443
[2022-06-05 10:43:47,820][urllib3.connectionpool][DEBUG] - https://huggingface.co:443 "HEAD /allenai/scibert_scivocab_uncased/resolve/main/vocab.txt HTTP/1.1" 200 0
[2022-06-05 10:43:47,824][filelock][DEBUG] - Attempting to acquire lock 140398642428992 on ./cache/tokenizers/33593020f507d72099bd84ea6cd2296feb424fecd62d4a8edcc2a02899af6e29.38339d84e6e392addd730fd85fae32652c4cc7c5423633d6fa73e5f7937bbc38.lock
[2022-06-05 10:43:47,825][filelock][DEBUG] - Lock 140398642428992 acquired on ./cache/tokenizers/33593020f507d72099bd84ea6cd2296feb424fecd62d4a8edcc2a02899af6e29.38339d84e6e392addd730fd85fae32652c4cc7c5423633d6fa73e5f7937bbc38.lock
[2022-06-05 10:43:47,828][urllib3.connectionpool][DEBUG] - Starting new HTTPS connection (1): huggingface.co:443
[2022-06-05 10:43:49,357][urllib3.connectionpool][DEBUG] - https://huggingface.co:443 "GET /allenai/scibert_scivocab_uncased/resolve/main/vocab.txt HTTP/1.1" 200 227845
[2022-06-05 10:43:53,051][filelock][DEBUG] - Attempting to release lock 140398642428992 on ./cache/tokenizers/33593020f507d72099bd84ea6cd2296feb424fecd62d4a8edcc2a02899af6e29.38339d84e6e392addd730fd85fae32652c4cc7c5423633d6fa73e5f7937bbc38.lock
[2022-06-05 10:43:53,051][filelock][DEBUG] - Lock 140398642428992 released on ./cache/tokenizers/33593020f507d72099bd84ea6cd2296feb424fecd62d4a8edcc2a02899af6e29.38339d84e6e392addd730fd85fae32652c4cc7c5423633d6fa73e5f7937bbc38.lock
[2022-06-05 10:43:53,054][urllib3.connectionpool][DEBUG] - Starting new HTTPS connection (1): huggingface.co:443
[2022-06-05 10:43:54,066][urllib3.connectionpool][DEBUG] - https://huggingface.co:443 "HEAD /allenai/scibert_scivocab_uncased/resolve/main/tokenizer.json HTTP/1.1" 404 0
[2022-06-05 10:43:54,071][urllib3.connectionpool][DEBUG] - Starting new HTTPS connection (1): huggingface.co:443
[2022-06-05 10:43:55,360][urllib3.connectionpool][DEBUG] - https://huggingface.co:443 "HEAD /allenai/scibert_scivocab_uncased/resolve/main/added_tokens.json HTTP/1.1" 404 0
[2022-06-05 10:43:55,365][urllib3.connectionpool][DEBUG] - Starting new HTTPS connection (1): huggingface.co:443
[2022-06-05 10:43:56,412][urllib3.connectionpool][DEBUG] - https://huggingface.co:443 "HEAD /allenai/scibert_scivocab_uncased/resolve/main/special_tokens_map.json HTTP/1.1" 404 0
[2022-06-05 10:43:56,419][urllib3.connectionpool][DEBUG] - Starting new HTTPS connection (1): huggingface.co:443
